  [4;36;1mSQL (0.430414)[0m   [0;1mCREATE TABLE schema_info (version int(11))[0m
  [4;35;1mSQL (0.034622)[0m   [0mINSERT INTO schema_info (version) VALUES(0)[0m
  [4;36;1mSQL (0.000000)[0m   [0;1mMysql::Error: #42S01Table 'schema_info' already exists: CREATE TABLE schema_info (version int(11))[0m
  [4;36;1mSQL (0.000000)[0m   [0;1mMysql::Error: #42S01Table 'schema_info' already exists: CREATE TABLE schema_info (version int(11))[0m
  [4;35;1mSQL (0.000000)[0m   [0mMysql::Error: #42S01Table 'schema_info' already exists: CREATE TABLE schema_info (version int(11))[0m
  [4;36;1mSQL (0.102149)[0m   [0;1mSELECT version FROM schema_info[0m
Migrating to HandleModel (1)
  [4;35;1mSQL (0.232402)[0m   [0mCREATE TABLE handle_models (`id` int(11) DEFAULT NULL auto_increment PRIMARY KEY, `handle` varchar(64)) ENGINE=InnoDB[0m
  [4;36;1mSQL (0.001162)[0m   [0;1mUPDATE schema_info SET version = 1[0m
  [4;35;1mSQL (0.030255)[0m   [0mSELECT * FROM schema_info[0m
  [4;36;1mSQL (0.001421)[0m   [0;1mSHOW TABLES[0m
  [4;35;1mSQL (0.002320)[0m   [0mSHOW FIELDS FROM handle_models[0m
  [4;36;1mSQL (0.022273)[0m   [0;1mSHOW KEYS FROM handle_models[0m
  [4;36;1mSQL (0.001379)[0m   [0;1mSHOW TABLES[0m
  [4;35;1mSQL (0.081069)[0m   [0mSHOW CREATE TABLE handle_models[0m
  [4;36;1mSQL (0.001204)[0m   [0;1mSHOW CREATE TABLE schema_info[0m
  [4;35;1mSQL (0.001216)[0m   [0mSELECT version FROM schema_info[0m
  [4;36;1mSQL (5.686951)[0m   [0;1mDROP DATABASE IF EXISTS `ardes_test`[0m
  [4;35;1mSQL (0.011985)[0m   [0mCREATE DATABASE `ardes_test`[0m
  [4;36;1mSQL (0.169375)[0m   [0;1mSET foreign_key_checks = 0[0m
  [4;35;1mSQL (0.163920)[0m   [0mCREATE TABLE `handle_models` (
 `id` int(11) NOT NULL auto_increment,
 `handle` varchar(64) default NULL,
 PRIMARY KEY (`id`)
) ENGINE=InnoDB DEFAULT CHARSET=latin1;[0m
  [4;36;1mSQL (0.016033)[0m   [0;1mCREATE TABLE `schema_info` (
 `version` int(11) default NULL
) ENGINE=MyISAM DEFAULT CHARSET=latin1;[0m
  [4;35;1mSQL (0.002741)[0m   [0mINSERT INTO schema_info (version) VALUES (1)[0m
  [4;36;1mSQL (0.000000)[0m   [0;1mMysql::Error: #42S01Table 'schema_info' already exists: CREATE TABLE schema_info (version int(11))[0m
  [4;35;1mSQL (0.000000)[0m   [0mMysql::Error: #42S01Table 'schema_info' already exists: CREATE TABLE schema_info (version int(11))[0m
  [4;36;1mSQL (0.001113)[0m   [0;1mSELECT version FROM schema_info[0m
  [4;35;1mSQL (0.000960)[0m   [0mSELECT version FROM schema_info[0m
Migrating to HandleOtherColumnModel (2)
  [4;36;1mSQL (0.230668)[0m   [0;1mCREATE TABLE handle_other_column_models (`id` int(11) DEFAULT NULL auto_increment PRIMARY KEY, `other` varchar(64)) ENGINE=InnoDB[0m
  [4;35;1mSQL (0.001256)[0m   [0mUPDATE schema_info SET version = 2[0m
  [4;36;1mSQL (0.001244)[0m   [0;1mSELECT * FROM schema_info[0m
  [4;35;1mSQL (0.001422)[0m   [0mSHOW TABLES[0m
  [4;36;1mSQL (0.002102)[0m   [0;1mSHOW FIELDS FROM handle_models[0m
  [4;35;1mSQL (0.003102)[0m   [0mSHOW KEYS FROM handle_models[0m
  [4;36;1mSQL (0.002332)[0m   [0;1mSHOW FIELDS FROM handle_other_column_models[0m
  [4;35;1mSQL (0.003073)[0m   [0mSHOW KEYS FROM handle_other_column_models[0m
  [4;36;1mSQL (0.001127)[0m   [0;1mSELECT * FROM schema_info[0m
  [4;35;1mSQL (0.001593)[0m   [0mSHOW TABLES[0m
  [4;36;1mSQL (0.002061)[0m   [0;1mSHOW FIELDS FROM handle_models[0m
  [4;35;1mSQL (0.003153)[0m   [0mSHOW KEYS FROM handle_models[0m
  [4;36;1mSQL (0.002064)[0m   [0;1mSHOW FIELDS FROM handle_other_column_models[0m
  [4;35;1mSQL (0.003107)[0m   [0mSHOW KEYS FROM handle_other_column_models[0m
  [4;36;1mSQL (0.459122)[0m   [0;1mDROP TABLE handle_models[0m
  [4;35;1mSQL (0.193904)[0m   [0mCREATE TABLE handle_models (`id` int(11) DEFAULT NULL auto_increment PRIMARY KEY, `handle` varchar(64)) ENGINE=InnoDB[0m
  [4;36;1mSQL (0.000000)[0m   [0;1mMysql::Error: #42S02Unknown table 'handle_other_column_models': DROP TABLE handle_other_column_models[0m
  [4;35;1mSQL (0.124481)[0m   [0mCREATE TABLE handle_other_column_models (`id` int(11) DEFAULT NULL auto_increment PRIMARY KEY, `other` varchar(64)) ENGINE=InnoDB[0m
  [4;36;1mSQL (0.000000)[0m   [0;1mMysql::Error: #42S01Table 'schema_info' already exists: CREATE TABLE schema_info (version int(11))[0m
  [4;35;1mSQL (0.001918)[0m   [0mSHOW FIELDS FROM schema_info[0m
  [4;36;1mSQL (0.000932)[0m   [0;1mUPDATE schema_info SET version = 2[0m
